Log file open, 09/11/17 02:31:13
LogInit:Display: Running engine for game: MyProject
LogPlatformFile: Not using cached read wrapper
LogInit:Display: RandInit(-811495965) SRandInit(-811495965).
LogTaskGraph: Started task graph with 5 named threads and 6 total threads with 1 sets of task threads.
LogStats: Stats thread started at 0.404199
LogInit: Using libcurl 7.47.1
LogInit:  - built for x86_64-pc-win32
LogInit:  - supports SSL with OpenSSL/1.0.2g
LogInit:  - supports HTTP deflate (compression) using libz 1.2.8
LogInit:  - other features:
LogInit:      CURL_VERSION_SSL
LogInit:      CURL_VERSION_LIBZ
LogInit:      CURL_VERSION_IPV6
LogInit:      CURL_VERSION_ASYNCHDNS
LogInit:      CURL_VERSION_LARGEFILE
LogInit:      CURL_VERSION_IDN
LogInit:  CurlRequestOptions (configurable via config and command line):
LogInit:  - bVerifyPeer = false  - Libcurl will NOT verify peer certificate
LogInit:  - bUseHttpProxy = false  - Libcurl will NOT use HTTP proxy
LogInit:  - bDontReuseConnections = false  - Libcurl will reuse connections
LogInit:  - CertBundlePath = nullptr  - Libcurl will use whatever was configured at build time.
LogInit: Build: ++UE4+Release-4.16-CL-3561208
LogInit: Engine Version: 4.16.3-3561208+++UE4+Release-4.16
LogInit: Compatible Engine Version: 4.16.0-3452394+++UE4+Release-4.16
LogInit: Net CL: 3452394
LogDevObjectVersion: Number of dev versions registered: 16
LogDevObjectVersion:   Dev-Blueprints (B0D832E4-1F89-4F0D-ACCF-7EB736FD4AA2): 9
LogDevObjectVersion:   Dev-Build (E1C64328-A22C-4D53-A36C-8E866417BD8C): 0
LogDevObjectVersion:   Dev-Core (375EC13C-06E4-48FB-B500-84F0262A717E): 2
LogDevObjectVersion:   Dev-Editor (E4B068ED-F494-42E9-A231-DA0B2E46BB41): 17
LogDevObjectVersion:   Dev-Framework (CFFC743F-43B0-4480-9391-14DF171D2073): 23
LogDevObjectVersion:   Dev-Mobile (B02B49B5-BB20-44E9-A304-32B752E40360): 0
LogDevObjectVersion:   Dev-Networking (A4E4105C-59A1-49B5-A7C5-40C4547EDFEE): 0
LogDevObjectVersion:   Dev-Online (39C831C9-5AE6-47DC-9A44-9C173E1C8E7C): 0
LogDevObjectVersion:   Dev-Physics (78F01B33-EBEA-4F98-B9B4-84EACCB95AA2): 0
LogDevObjectVersion:   Dev-Platform (6631380F-2D4D-43E0-8009-CF276956A95A): 0
LogDevObjectVersion:   Dev-Rendering (12F88B9F-8875-4AFC-A67C-D90C383ABD29): 15
LogDevObjectVersion:   Dev-Sequencer (7B5AE74C-D270-4C10-A958-57980B212A5A): 4
LogDevObjectVersion:   Dev-VR (D7296918-1DD6-4BDD-9DE2-64A83CC13884): 0
LogDevObjectVersion:   Dev-LoadTimes (C2A15278-BFE7-4AFE-6C17-90FF531DF755): 1
LogDevObjectVersion:   Private-Geometry (6EACA3D4-40EC-4CC1-B786-8BED09428FC5): 1
LogDevObjectVersion:   Dev-AnimPhys (29E575DD-E0A3-4627-9D10-D276232CDCEA): 3
LogInit: Compiled (64-bit): Jul 28 2017 11:49:47
LogInit: Compiled with Visual C++: 19.00.24215.01
LogInit: Build Configuration: Development
LogInit: Branch Name: ++UE4+Release-4.16
LogInit: Command line:  
LogInit: Base directory: C:/Program Files/Epic Games/UE_4.16/Engine/Binaries/Win64/
LogInit: Installed Engine Build: 1
LogInit: Presizing for max 8388607 objects, including 0 objects not considered by GC, pre-allocating 0 bytes for permanent pool.
LogInit: Object subsystem initialized
[2017.09.11-00.31.14:466][  0]LogInit: Selected Device Profile: [Windows]
[2017.09.11-00.31.14:466][  0]LogInit: Applying CVar settings loaded from the selected device profile: [Windows]
[2017.09.11-00.31.14:507][  0]LogInit: Computer: DESKTOP-BB8153U
[2017.09.11-00.31.14:507][  0]LogInit: User: Davide
[2017.09.11-00.31.14:507][  0]LogInit: CPU Page size=4096, Cores=2
[2017.09.11-00.31.14:507][  0]LogInit: High frequency timer resolution =3.728012 MHz
[2017.09.11-00.31.14:508][  0]LogMemory: Memory total: Physical=16.0GB (16GB approx)
[2017.09.11-00.31.14:508][  0]LogMemory: Platform Memory Stats for Windows
[2017.09.11-00.31.14:508][  0]LogMemory: Process Physical Memory: 271.96 MB used, 271.96 MB peak
[2017.09.11-00.31.14:508][  0]LogMemory: Process Virtual Memory: 258.30 MB used, 258.30 MB peak
[2017.09.11-00.31.14:508][  0]LogMemory: Physical Memory: 7067.19 MB used,  9281.47 MB free, 16348.66 MB total
[2017.09.11-00.31.14:508][  0]LogMemory: Virtual Memory: 634.14 MB used,  9281.47 MB free, 134217728.00 MB total
[2017.09.11-00.31.14:893][  0]LogInit: Using OS detected language (it-IT).
[2017.09.11-00.31.14:893][  0]LogInit: Using OS detected locale (it-IT).
[2017.09.11-00.31.14:905][  0]LogTextLocalizationManager: No localization for 'it-IT' exists, so 'en' will be used for the language.
[2017.09.11-00.31.14:906][  0]LogTextLocalizationManager: No localization for 'it-IT' exists, so 'en' will be used for the locale.
[2017.09.11-00.31.16:530][  0]LogD3D11RHI: D3D11 adapters:
[2017.09.11-00.31.16:566][  0]LogD3D11RHI:    0. 'Radeon(TM) RX 460 Graphics' (Feature Level 11_0)
[2017.09.11-00.31.16:566][  0]LogD3D11RHI:       4044/0/8174 MB DedicatedVideo/DedicatedSystem/SharedSystem, Outputs:3, VendorId:0x1002
[2017.09.11-00.31.16:568][  0]LogD3D11RHI:    1. 'Microsoft Basic Render Driver' (Feature Level 11_0)
[2017.09.11-00.31.16:568][  0]LogD3D11RHI:       0/0/8174 MB DedicatedVideo/DedicatedSystem/SharedSystem, Outputs:0, VendorId:0x1414
[2017.09.11-00.31.16:568][  0]LogD3D11RHI: Chosen D3D11 Adapter: 0
[2017.09.11-00.31.16:582][  0]LogD3D11RHI: Creating new Direct3DDevice
[2017.09.11-00.31.16:582][  0]LogD3D11RHI:     GPU DeviceId: 0x67ef (for the marketing name, search the web for "GPU Device Id")
[2017.09.11-00.31.16:582][  0]LogWindows: EnumDisplayDevices:
[2017.09.11-00.31.16:583][  0]LogWindows:    0. 'Radeon(TM) RX 460 Graphics ' (P:1 D:1)
[2017.09.11-00.31.16:583][  0]LogWindows:    1. 'Radeon(TM) RX 460 Graphics ' (P:0 D:1)
[2017.09.11-00.31.16:583][  0]LogWindows:    2. 'Radeon(TM) RX 460 Graphics ' (P:0 D:1)
[2017.09.11-00.31.16:584][  0]LogWindows:    3. 'Radeon(TM) RX 460 Graphics ' (P:0 D:0)
[2017.09.11-00.31.16:585][  0]LogWindows:    4. 'Radeon(TM) RX 460 Graphics ' (P:0 D:0)
[2017.09.11-00.31.16:585][  0]LogWindows: DebugString: FoundDriverCount:5 
[2017.09.11-00.31.16:585][  0]LogD3D11RHI:     Adapter Name: Radeon(TM) RX 460 Graphics
[2017.09.11-00.31.16:585][  0]LogD3D11RHI:   Driver Version: Crimson ReLive 17.1.1 (internal:22.19.162.4, unified:22.19.162.4)
[2017.09.11-00.31.16:585][  0]LogD3D11RHI:      Driver Date: 4-24-2017
[2017.09.11-00.31.16:585][  0]LogRHI: Texture pool is 1361 MB (70% of 1945 MB)
[2017.09.11-00.31.16:758][  0]LogD3D11RHI: Async texture creation enabled
[2017.09.11-00.31.16:774][  0]LogD3D11RHI: GPU Timing Frequency: 25.000000 (Debug: 2 1)
[2017.09.11-00.31.16:778][  0]LogShaderCompilers: Guid format shader working directory is 4 characters bigger than the processId version (D:/Davide/Documenti/MasterCastle/MyProject/Intermediate/Shaders/WorkingDirectory/13828/).
[2017.09.11-00.31.16:778][  0]LogShaderCompilers: Cleaned the shader compiler working directory 'C:/Users/Davide/AppData/Local/Temp/UnrealShaderWorkingDir/682C851F4C3CBC17077028B931BE222F/'.
[2017.09.11-00.31.16:778][  0]LogShaderCompilers:Display: Using Local Shader Compiler.
[2017.09.11-00.31.19:252][  0]LogTemp:Display: Loaded TP AllDesktopTargetPlatform
[2017.09.11-00.31.19:369][  0]LogTemp:Display: Loaded TP MacClientTargetPlatform
[2017.09.11-00.31.19:498][  0]LogTemp:Display: Loaded TP MacNoEditorTargetPlatform
[2017.09.11-00.31.19:616][  0]LogTemp:Display: Loaded TP MacServerTargetPlatform
[2017.09.11-00.31.19:764][  0]LogTemp:Display: Loaded TP MacTargetPlatform
[2017.09.11-00.31.19:881][  0]LogTemp:Display: Loaded TP WindowsClientTargetPlatform
[2017.09.11-00.31.19:994][  0]LogTemp:Display: Loaded TP WindowsNoEditorTargetPlatform
[2017.09.11-00.31.20:118][  0]LogTemp:Display: Loaded TP WindowsServerTargetPlatform
[2017.09.11-00.31.20:224][  0]LogTemp:Display: Loaded TP WindowsTargetPlatform
[2017.09.11-00.31.20:338][  0]LogTemp:Display: Loaded TP AndroidTargetPlatform
[2017.09.11-00.31.20:457][  0]LogTemp:Display: Loaded TP Android_ASTCTargetPlatform
[2017.09.11-00.31.20:574][  0]LogTemp:Display: Loaded TP Android_ATCTargetPlatform
[2017.09.11-00.31.20:695][  0]LogTemp:Display: Loaded TP Android_DXTTargetPlatform
[2017.09.11-00.31.20:820][  0]LogTemp:Display: Loaded TP Android_ETC1TargetPlatform
[2017.09.11-00.31.20:934][  0]LogTemp:Display: Loaded TP Android_ETC2TargetPlatform
[2017.09.11-00.31.21:184][  0]LogTemp:Display: Loaded TP Android_MultiTargetPlatform
[2017.09.11-00.31.21:184][  0]LogTemp:Display: Loaded TP Android_PVRTCTargetPlatform
[2017.09.11-00.31.21:282][  0]LogTemp:Display: Loaded TP HTML5TargetPlatform
[2017.09.11-00.31.21:515][  0]LogTemp:Display: Loaded TP IOSTargetPlatform
[2017.09.11-00.31.21:588][  0]LogTemp:Display: Loaded TP TVOSTargetPlatform
[2017.09.11-00.31.21:705][  0]LogTemp:Display: Loaded TP LinuxClientTargetPlatform
[2017.09.11-00.31.21:822][  0]LogTemp:Display: Loaded TP LinuxNoEditorTargetPlatform
[2017.09.11-00.31.21:947][  0]LogTemp:Display: Loaded TP LinuxServerTargetPlatform
[2017.09.11-00.31.22:061][  0]LogTemp:Display: Loaded TP LinuxTargetPlatform
[2017.09.11-00.31.22:061][  0]LogTargetPlatformManager:Display: Building Assets For Windows
[2017.09.11-00.31.23:758][  0]LogDerivedDataCache:Display: Max Cache Size: 512 MB
[2017.09.11-00.31.24:277][  0]LogDerivedDataCache: Loaded boot cache 0.52s 90MB C:/Users/Davide/AppData/Local/UnrealEngine/4.16/DerivedDataCache/Boot.ddc.
[2017.09.11-00.31.24:277][  0]LogDerivedDataCache:Display: Loaded Boot cache: C:/Users/Davide/AppData/Local/UnrealEngine/4.16/DerivedDataCache/Boot.ddc
[2017.09.11-00.31.24:277][  0]LogDerivedDataCache: FDerivedDataBackendGraph:  Pak pak cache file D:/Davide/Documenti/MasterCastle/MyProject/DerivedDataCache/DDC.ddp not found, will not use a pak cache.
[2017.09.11-00.31.24:277][  0]LogDerivedDataCache: Unable to find inner node Pak for hierarchical cache Hierarchy.
[2017.09.11-00.31.24:277][  0]LogDerivedDataCache: FDerivedDataBackendGraph:  CompressedPak pak cache file D:/Davide/Documenti/MasterCastle/MyProject/DerivedDataCache/Compressed.ddp not found, will not use a pak cache.
[2017.09.11-00.31.24:277][  0]LogDerivedDataCache: Unable to find inner node CompressedPak for hierarchical cache Hierarchy.
[2017.09.11-00.31.24:312][  0]LogDerivedDataCache:Display: Pak cache opened for reading ../../../Engine/DerivedDataCache/Compressed.ddp.
[2017.09.11-00.31.24:326][  0]LogDerivedDataCache: Using Local data cache path C:/Users/Davide/AppData/Local/UnrealEngine/Common/DerivedDataCache: Writable
[2017.09.11-00.31.24:345][  0]LogMaterial: Verifying Global Shaders for PCD3D_SM5
[2017.09.11-00.31.24:345][  0]LogSlate: Using Freetype 2.6.0
[2017.09.11-00.31.24:348][  0]LogSlate: SlateFontCache - WITH_FREETYPE: 1, WITH_HARFBUZZ: 1
[2017.09.11-00.31.24:348][  0]LogSlate: SlateFontCache - WITH_FREETYPE: 1, WITH_HARFBUZZ: 1
[2017.09.11-00.31.27:265][  0]LogInit: Selected Device Profile: [Windows]
[2017.09.11-00.31.27:438][  0]LogContentStreaming: Texture pool size is 0.00 MB
[2017.09.11-00.31.27:793][  0]LogMeshUtilities: Using QuadricMeshReduction for automatic static mesh reduction
[2017.09.11-00.31.27:921][  0]LogSimplygon: Simplygon DLL not present - disabling.
[2017.09.11-00.31.28:035][  0]LogMeshUtilities: Using SimplygonSwarm for distributed automatic mesh merging
[2017.09.11-00.31.28:035][  0]LogMeshUtilities: No automatic skeletal mesh reduction module available
[2017.09.11-00.31.28:035][  0]LogMeshUtilities: No automatic mesh merging module available
[2017.09.11-00.31.29:117][  0]LogNetVersion: MyProject , NetCL: 3452394, EngineNetVer: 2, GameNetVer: 0 (Checksum: 1111101373)
[2017.09.11-00.31.29:235][  0]LogAssetRegistry: FAssetRegistry took 0.0298 seconds to start up
[2017.09.11-00.31.29:331][  0]LogPackageLocalizationCache: Processed 4 localized package path(s) for 1 prioritized culture(s) in 0.040433 seconds
[2017.09.11-00.31.29:340][  0]LogUObjectArray: 34194 objects as part of root set at end of initial load.
[2017.09.11-00.31.29:340][  0]LogUObjectAllocator: 7260424 out of 0 bytes used by permanent object pool.
[2017.09.11-00.31.29:340][  0]LogUObjectArray: CloseDisregardForGC: 0/0 objects in disregard for GC pool
[2017.09.11-00.31.29:514][  0]LogInit: WinSock: version 1.1 (2.2), MaxSocks=32767, MaxUdp=65467
[2017.09.11-00.31.37:930][  0]LogTcpMessaging: Initializing TcpMessaging bridge
[2017.09.11-00.31.38:026][  0]LogUdpMessaging: Initializing bridge on interface 0.0.0.0:0 to multicast group 230.0.0.1:6666.
[2017.09.11-00.31.39:283][  0]LogMaterial: Uniform references updated for custom material expression Custom.
[2017.09.11-00.31.40:130][  0]SourceControl: Info Source control is disabled
[2017.09.11-00.31.40:234][  0]SourceControl: Info Source control is disabled
[2017.09.11-00.31.40:351][  0]SourceControl: Info Source control is disabled
[2017.09.11-00.31.40:522][  0]SourceControl: Info Source control is disabled
[2017.09.11-00.31.42:422][  0]LogAndroidPermission: UAndroidPermissionCallbackProxy::GetInstance
[2017.09.11-00.31.43:907][  0]LogEngine: Initializing Engine...
[2017.09.11-00.31.43:909][  0]LogHMD: Failed to initialize OpenVR with code 110
[2017.09.11-00.31.44:249][  0]LogStats: UGameplayTagsManager::ConstructGameplayTagTree: Construct from data asset -  0.000 s
[2017.09.11-00.31.44:250][  0]LogStats: UGameplayTagsManager::ConstructGameplayTagTree: GameplayTagTreeChangedEvent.Broadcast -  0.000 s
[2017.09.11-00.31.44:566][  0]LogAIModule: Creating AISystem for world Untitled
[2017.09.11-00.31.44:613][  0]LogInit: XAudio2 using 'Altoparlanti (4- USB PnP Sound Device)' : 2 channels at 48 kHz using 16 bits per sample (channel mask 0x3)
[2017.09.11-00.31.44:636][  0]LogInit: FAudioDevice initialized.
[2017.09.11-00.31.44:736][  0]LogDerivedDataCache: Saved boot cache 0.10s 90MB C:/Users/Davide/AppData/Local/UnrealEngine/4.16/DerivedDataCache/Boot.ddc.
[2017.09.11-00.31.44:770][  0]LogInit: Texture streaming: Enabled
[2017.09.11-00.31.45:045][  0]LogEngineSessionManager: EngineSessionManager initialized
[2017.09.11-00.31.45:574][  0]LogInit: Transaction tracking system initialized
[2017.09.11-00.31.46:472][  0]BlueprintLog: New page: Editor Load
[2017.09.11-00.31.49:151][  0]LocalizationService: Info Localization service is disabled
[2017.09.11-00.31.50:892][  0]LogConsoleResponse:Display: 
[2017.09.11-00.31.51:158][  0]LogCook:Display: Max memory allowance for cook 16384mb min free memory 0mb
[2017.09.11-00.31.51:158][  0]LogFileCache: Scanning file cache for directory 'D:/Davide/Documenti/MasterCastle/MyProject/Content/' took 0.01s
[2017.09.11-00.31.51:158][  0]LogCook:Display: Mobile HDR setting 1
[2017.09.11-00.31.54:002][  0]SourceControl: Info Source control is disabled
[2017.09.11-00.31.54:003][  0]Cmd: MAP LOAD FILE="../../../Engine/Content/Maps/Templates/Template_Default.umap" TEMPLATE=1 SHOWPROGRESS=1 FEATURELEVEL=3
[2017.09.11-00.31.54:005][  0]LightingResults: New page: Lighting Build
[2017.09.11-00.31.54:103][  0]MapCheck: New page: Map Check
[2017.09.11-00.31.54:103][  0]LightingResults: New page: Lighting Build
[2017.09.11-00.31.54:501][  0]LogAIModule: Creating AISystem for world Untitled_1
[2017.09.11-00.31.54:503][  0]LogActorComponent: RegisterComponentWithWorld: (/Temp/Untitled_1.Untitled_1:PersistentLevel.WorldSettings_1.StaticMeshComponent0) Trying to register component with IsPendingKill() == true. Aborting.
[2017.09.11-00.31.54:511][  0]LogEditorServer: Finished looking for orphan Actors (0.000 secs)
[2017.09.11-00.31.54:553][  0]Cmd: MAP CHECKDEP NOCLEARLOG
[2017.09.11-00.31.54:639][  0]MapCheck: Info Map check complete: 0 Error(s), 0 Warning(s), took 86.248ms to complete.
[2017.09.11-00.31.54:639][  0]LogFileHelpers: Loading map 'Template_Default' took 0.637
[2017.09.11-00.31.54:998][  0]LogCollectionManager: Loaded 0 collections in 0.002866 seconds
[2017.09.11-00.31.55:175][  0]LogFileCache: Scanning file cache for directory 'D:/Davide/Documenti/MasterCastle/MyProject/Saved/Collections/' took 0.01s
[2017.09.11-00.31.55:175][  0]LogFileCache: Scanning file cache for directory 'D:/Davide/Documenti/MasterCastle/MyProject/Content/Developers/Davide/Collections/' took 0.01s
[2017.09.11-00.31.55:175][  0]LogFileCache: Scanning file cache for directory 'D:/Davide/Documenti/MasterCastle/MyProject/Content/Collections/' took 0.01s
[2017.09.11-00.31.55:175][  0]LogCollectionManager: Rebuilt the GUID cache for 0 collections in 0.000002 seconds
[2017.09.11-00.31.55:193][  0]LogContentBrowser: Native class hierarchy populated in 0.0177 seconds. Added 2329 classes and 491 folders.
[2017.09.11-00.31.55:347][  0]LogContentBrowser: Native class hierarchy updated for 'WidgetCarousel' in 0.0009 seconds. Added 0 classes and 0 folders.
[2017.09.11-00.31.55:633][  0]LogContentBrowser: Native class hierarchy updated for 'AddContentDialog' in 0.0012 seconds. Added 0 classes and 0 folders.
[2017.09.11-00.31.55:740][  0]LogContentBrowser: Native class hierarchy updated for 'SceneOutliner' in 0.0008 seconds. Added 1 classes and 2 folders.
[2017.09.11-00.31.55:909][  0]LogCrashTracker: Crashtracker disabled due to settings.
[2017.09.11-00.31.55:921][  0]LogSlate: Took 0.003390 seconds to synchronously load lazily loaded font '../../../Engine/Content/Slate/Fonts/Roboto-Regular.ttf' (155K)
[2017.09.11-00.31.55:927][  0]LogSlate: Took 0.003550 seconds to synchronously load lazily loaded font '../../../Engine/Content/Slate/Fonts/Roboto-Bold.ttf' (160K)
[2017.09.11-00.31.55:938][  0]LogSlate: Took 0.003640 seconds to synchronously load lazily loaded font '../../../Engine/Content/Editor/Slate/Fonts/FontAwesome.ttf' (139K)
[2017.09.11-00.31.56:083][  0]LogRenderer: Reallocating scene render targets to support 1156x576 NumSamples 1 (Frame:1).
[2017.09.11-00.31.56:317][  0]LogUObjectGlobals:Warning: Failed to find object 'Class None.'
[2017.09.11-00.31.56:446][  0]LogContentBrowser: Native class hierarchy updated for 'HierarchicalLODOutliner' in 0.0008 seconds. Added 1 classes and 2 folders.
[2017.09.11-00.31.56:447][  0]LogLoad: (Engine Initialization) Total time: 48.08 seconds
[2017.09.11-00.31.56:447][  0]LogLoad: (Engine Initialization) Total Blueprint compile time: 0.20 seconds
[2017.09.11-00.31.56:447][  0]LogExternalProfiler: No external profilers were discovered.  External profiling features will not be available.
[2017.09.11-00.31.56:787][  0]LogOcInput: OculusInput pre-init called
[2017.09.11-00.31.56:787][  0]LogHMD: Starting GearVRController plugin
[2017.09.11-00.31.56:806][  0]LogContentStreaming: Texture pool size now 1000 MB
[2017.09.11-00.31.57:138][  1]LogAssetRegistry: Asset discovery search completed in 27.9268 seconds
[2017.09.11-00.31.57:140][  1]LogCollectionManager: Rebuilt the object cache for 0 collections in 0.000001 seconds (found 0 objects)
[2017.09.11-00.31.57:140][  1]LogCollectionManager: Fixed up redirectors for 0 collections in 0.000056 seconds (updated 0 objects)
[2017.09.11-00.31.57:800][  3]LogSlate: Took 0.007637 seconds to synchronously load lazily loaded font '../../../Engine/Content/Slate/Fonts/Roboto-Light.ttf' (159K)
[2017.09.11-00.32.01:129][ 13]LogSlate: Took 0.000321 seconds to synchronously load lazily loaded font '../../../Engine/Content/Slate/Fonts/Roboto-Light.ttf' (159K)
